0 info it worked if it ends with ok
1 verbose cli [ '/usr/bin/nodejs', '/usr/bin/npm', 'run', 'client' ]
2 info using npm@3.5.2
3 info using node@v4.2.6
4 verbose run-script [ 'preclient', 'client', 'postclient' ]
5 info lifecycle react-express@1.0.0~preclient: react-express@1.0.0
6 silly lifecycle react-express@1.0.0~preclient: no script for preclient, continuing
7 info lifecycle react-express@1.0.0~client: react-express@1.0.0
8 verbose lifecycle react-express@1.0.0~client: unsafe-perm in lifecycle true
9 verbose lifecycle react-express@1.0.0~client: PATH: /usr/share/npm/bin/node-gyp-bin:/home/abinash/Desktop/full-stack/react-express-demo/node_modules/.bin:/home/abinash/bin:/home/abinash/.local/bin:/usr/local/sbin:/usr/local/bin:/usr/sbin:/usr/bin:/sbin:/bin:/usr/games:/usr/local/games:/snap/bin
10 verbose lifecycle react-express@1.0.0~client: CWD: /home/abinash/Desktop/full-stack/react-express-demo
11 silly lifecycle react-express@1.0.0~client: Args: [ '-c', 'npm start --prefix client' ]
12 silly lifecycle react-express@1.0.0~client: Returned: code: 254  signal: null
13 info lifecycle react-express@1.0.0~client: Failed to exec client script
14 verbose stack Error: react-express@1.0.0 client: `npm start --prefix client`
14 verbose stack Exit status 254
14 verbose stack     at EventEmitter.<anonymous> (/usr/share/npm/lib/utils/lifecycle.js:232:16)
14 verbose stack     at emitTwo (events.js:87:13)
14 verbose stack     at EventEmitter.emit (events.js:172:7)
14 verbose stack     at ChildProcess.<anonymous> (/usr/share/npm/lib/utils/spawn.js:24:14)
14 verbose stack     at emitTwo (events.js:87:13)
14 verbose stack     at ChildProcess.emit (events.js:172:7)
14 verbose stack     at maybeClose (internal/child_process.js:821:16)
14 verbose stack     at Process.ChildProcess._handle.onexit (internal/child_process.js:211:5)
15 verbose pkgid react-express@1.0.0
16 verbose cwd /home/abinash/Desktop/full-stack/react-express-demo
17 error Linux 4.10.0-38-generic
18 error argv "/usr/bin/nodejs" "/usr/bin/npm" "run" "client"
19 error node v4.2.6
20 error npm  v3.5.2
21 error code ELIFECYCLE
22 error react-express@1.0.0 client: `npm start --prefix client`
22 error Exit status 254
23 error Failed at the react-express@1.0.0 client script 'npm start --prefix client'.
23 error Make sure you have the latest version of node.js and npm installed.
23 error If you do, this is most likely a problem with the react-express package,
23 error not with npm itself.
23 error Tell the author that this fails on your system:
23 error     npm start --prefix client
23 error You can get information on how to open an issue for this project with:
23 error     npm bugs react-express
23 error Or if that isn't available, you can get their info via:
23 error     npm owner ls react-express
23 error There is likely additional logging output above.
24 verbose exit [ 1, true ]
